16-Oct-2024 21:18:03.446 INFO [main] org.apache.catalina.startup.VersionLoggerListener.log Имя версии сервера:    Apache Tomcat/10.1.30
16-Oct-2024 21:18:03.457 INFO [main] org.apache.catalina.startup.VersionLoggerListener.log Сервер собран:         Sep 13 2024 20:26:16 UTC
16-Oct-2024 21:18:03.458 INFO [main] org.apache.catalina.startup.VersionLoggerListener.log Номер версии сервера:  10.1.30.0
16-Oct-2024 21:18:03.459 INFO [main] org.apache.catalina.startup.VersionLoggerListener.log OS Name:               Mac OS X
16-Oct-2024 21:18:03.460 INFO [main] org.apache.catalina.startup.VersionLoggerListener.log Версия ОС:             14.3.1
16-Oct-2024 21:18:03.460 INFO [main] org.apache.catalina.startup.VersionLoggerListener.log Архитектура:           x86_64
16-Oct-2024 21:18:03.460 INFO [main] org.apache.catalina.startup.VersionLoggerListener.log Java Home:             /Users/new/Library/Java/JavaVirtualMachines/openjdk-21.0.1/Contents/Home
16-Oct-2024 21:18:03.460 INFO [main] org.apache.catalina.startup.VersionLoggerListener.log Версия JVM:            21.0.1+12-29
16-Oct-2024 21:18:03.461 INFO [main] org.apache.catalina.startup.VersionLoggerListener.log Производитель JVM:     Oracle Corporation
16-Oct-2024 21:18:03.461 INFO [main] org.apache.catalina.startup.VersionLoggerListener.log CATALINA_BASE:         /Users/new/Documents/apache-tomcat-10.1.30
16-Oct-2024 21:18:03.461 INFO [main] org.apache.catalina.startup.VersionLoggerListener.log CATALINA_HOME:         /Users/new/Documents/apache-tomcat-10.1.30
16-Oct-2024 21:18:03.480 INFO [main] org.apache.catalina.startup.VersionLoggerListener.log Command line argument: -Djava.util.logging.config.file=/Users/new/Documents/apache-tomcat-10.1.30/conf/logging.properties
16-Oct-2024 21:18:03.481 INFO [main] org.apache.catalina.startup.VersionLoggerListener.log Command line argument: -Djava.util.logging.manager=org.apache.juli.ClassLoaderLogManager
16-Oct-2024 21:18:03.481 INFO [main] org.apache.catalina.startup.VersionLoggerListener.log Command line argument: -Djdk.tls.ephemeralDHKeySize=2048
16-Oct-2024 21:18:03.481 INFO [main] org.apache.catalina.startup.VersionLoggerListener.log Command line argument: -Djava.protocol.handler.pkgs=org.apache.catalina.webresources
16-Oct-2024 21:18:03.481 INFO [main] org.apache.catalina.startup.VersionLoggerListener.log Command line argument: -Dorg.apache.catalina.security.SecurityListener.UMASK=0027
16-Oct-2024 21:18:03.481 INFO [main] org.apache.catalina.startup.VersionLoggerListener.log Command line argument: --add-opens=java.base/java.lang=ALL-UNNAMED
16-Oct-2024 21:18:03.481 INFO [main] org.apache.catalina.startup.VersionLoggerListener.log Command line argument: --add-opens=java.base/java.io=ALL-UNNAMED
16-Oct-2024 21:18:03.481 INFO [main] org.apache.catalina.startup.VersionLoggerListener.log Command line argument: --add-opens=java.base/java.util=ALL-UNNAMED
16-Oct-2024 21:18:03.481 INFO [main] org.apache.catalina.startup.VersionLoggerListener.log Command line argument: --add-opens=java.base/java.util.concurrent=ALL-UNNAMED
16-Oct-2024 21:18:03.481 INFO [main] org.apache.catalina.startup.VersionLoggerListener.log Command line argument: --add-opens=java.rmi/sun.rmi.transport=ALL-UNNAMED
16-Oct-2024 21:18:03.482 INFO [main] org.apache.catalina.startup.VersionLoggerListener.log Command line argument: -agentlib:jdwp=transport=dt_socket,address=localhost:8000,server=y,suspend=n
16-Oct-2024 21:18:03.483 INFO [main] org.apache.catalina.startup.VersionLoggerListener.log Command line argument: -Dcatalina.base=/Users/new/Documents/apache-tomcat-10.1.30
16-Oct-2024 21:18:03.483 INFO [main] org.apache.catalina.startup.VersionLoggerListener.log Command line argument: -Dcatalina.home=/Users/new/Documents/apache-tomcat-10.1.30
16-Oct-2024 21:18:03.483 INFO [main] org.apache.catalina.startup.VersionLoggerListener.log Command line argument: -Djava.io.tmpdir=/Users/new/Documents/apache-tomcat-10.1.30/temp
16-Oct-2024 21:18:03.501 INFO [main] org.apache.catalina.core.AprLifecycleListener.lifecycleEvent The Apache Tomcat Native library which allows using OpenSSL was not found on the java.library.path: [/Users/new/Library/Java/Extensions:/Library/Java/Extensions:/Network/Library/Java/Extensions:/System/Library/Java/Extensions:/usr/lib/java:.]
16-Oct-2024 21:18:04.101 INFO [main] org.apache.coyote.AbstractProtocol.init Инициализация ProtocolHandler ["http-nio-8080"]
16-Oct-2024 21:18:04.157 INFO [main] org.apache.catalina.startup.Catalina.load Server initialization in [971] milliseconds
16-Oct-2024 21:18:04.218 INFO [main] org.apache.catalina.core.StandardService.startInternal Starting service [Catalina]
16-Oct-2024 21:18:04.219 INFO [main] org.apache.catalina.core.StandardEngine.startInternal Starting Servlet engine: [Apache Tomcat/10.1.30]
16-Oct-2024 21:18:04.232 INFO [main] org.apache.catalina.startup.HostConfig.deployDirectory Установка веб приложения в папку [/Users/new/Documents/apache-tomcat-10.1.30/webapps/docs]
16-Oct-2024 21:18:04.675 INFO [main] org.apache.catalina.startup.HostConfig.deployDirectory Deployment of web application directory [/Users/new/Documents/apache-tomcat-10.1.30/webapps/docs] has finished in [438] ms
16-Oct-2024 21:18:04.677 INFO [main] org.apache.catalina.startup.HostConfig.deployDirectory Установка веб приложения в папку [/Users/new/Documents/apache-tomcat-10.1.30/webapps/manager]
16-Oct-2024 21:18:04.753 INFO [main] org.apache.catalina.startup.HostConfig.deployDirectory Deployment of web application directory [/Users/new/Documents/apache-tomcat-10.1.30/webapps/manager] has finished in [77] ms
16-Oct-2024 21:18:04.754 INFO [main] org.apache.catalina.startup.HostConfig.deployDirectory Установка веб приложения в папку [/Users/new/Documents/apache-tomcat-10.1.30/webapps/examples]
16-Oct-2024 21:18:05.224 INFO [main] org.apache.catalina.startup.HostConfig.deployDirectory Deployment of web application directory [/Users/new/Documents/apache-tomcat-10.1.30/webapps/examples] has finished in [470] ms
16-Oct-2024 21:18:05.224 INFO [main] org.apache.catalina.startup.HostConfig.deployDirectory Установка веб приложения в папку [/Users/new/Documents/apache-tomcat-10.1.30/webapps/ROOT]
16-Oct-2024 21:18:05.257 INFO [main] org.apache.catalina.startup.HostConfig.deployDirectory Deployment of web application directory [/Users/new/Documents/apache-tomcat-10.1.30/webapps/ROOT] has finished in [33] ms
16-Oct-2024 21:18:05.257 INFO [main] org.apache.catalina.startup.HostConfig.deployDirectory Установка веб приложения в папку [/Users/new/Documents/apache-tomcat-10.1.30/webapps/host-manager]
16-Oct-2024 21:18:05.287 INFO [main] org.apache.catalina.startup.HostConfig.deployDirectory Deployment of web application directory [/Users/new/Documents/apache-tomcat-10.1.30/webapps/host-manager] has finished in [30] ms
16-Oct-2024 21:18:05.291 INFO [main] org.apache.coyote.AbstractProtocol.start Starting ProtocolHandler ["http-nio-8080"]
16-Oct-2024 21:18:05.307 INFO [main] org.apache.catalina.startup.Catalina.start Server startup in [1148] milliseconds
16-Oct-2024 21:18:05.312 SEVERE [main] org.apache.catalina.core.StandardServer.await Failed to create server shutdown socket on address [localhost] and port [8005] (base port [8005] and offset [0])
	java.net.BindException: Address already in use
		at java.base/sun.nio.ch.Net.bind0(Native Method)
		at java.base/sun.nio.ch.Net.bind(Net.java:565)
		at java.base/sun.nio.ch.Net.bind(Net.java:554)
		at java.base/sun.nio.ch.NioSocketImpl.bind(NioSocketImpl.java:636)
		at java.base/java.net.ServerSocket.bind(ServerSocket.java:391)
		at java.base/java.net.ServerSocket.<init>(ServerSocket.java:278)
		at org.apache.catalina.core.StandardServer.await(StandardServer.java:533)
		at org.apache.catalina.startup.Catalina.await(Catalina.java:847)
		at org.apache.catalina.startup.Catalina.start(Catalina.java:795)
		at java.base/jdk.internal.reflect.DirectMethodHandleAccessor.invoke(DirectMethodHandleAccessor.java:103)
		at java.base/java.lang.reflect.Method.invoke(Method.java:580)
		at org.apache.catalina.startup.Bootstrap.start(Bootstrap.java:345)
		at org.apache.catalina.startup.Bootstrap.main(Bootstrap.java:473)
16-Oct-2024 21:18:05.314 INFO [main] org.apache.coyote.AbstractProtocol.pause Pausing ProtocolHandler ["http-nio-8080"]
16-Oct-2024 21:18:05.321 INFO [main] org.apache.catalina.core.StandardService.stopInternal Stopping service [Catalina]
16-Oct-2024 21:18:05.355 INFO [main] org.apache.coyote.AbstractProtocol.stop Stopping ProtocolHandler ["http-nio-8080"]
16-Oct-2024 21:18:05.372 INFO [main] org.apache.coyote.AbstractProtocol.destroy Destroying ProtocolHandler ["http-nio-8080"]
16-Oct-2024 21:18:43.126 INFO [main] org.apache.catalina.startup.VersionLoggerListener.log Имя версии сервера:    Apache Tomcat/10.1.30
16-Oct-2024 21:18:43.136 INFO [main] org.apache.catalina.startup.VersionLoggerListener.log Сервер собран:         Sep 13 2024 20:26:16 UTC
16-Oct-2024 21:18:43.136 INFO [main] org.apache.catalina.startup.VersionLoggerListener.log Номер версии сервера:  10.1.30.0
16-Oct-2024 21:18:43.136 INFO [main] org.apache.catalina.startup.VersionLoggerListener.log OS Name:               Mac OS X
16-Oct-2024 21:18:43.136 INFO [main] org.apache.catalina.startup.VersionLoggerListener.log Версия ОС:             14.3.1
16-Oct-2024 21:18:43.136 INFO [main] org.apache.catalina.startup.VersionLoggerListener.log Архитектура:           x86_64
16-Oct-2024 21:18:43.137 INFO [main] org.apache.catalina.startup.VersionLoggerListener.log Java Home:             /Users/new/Library/Java/JavaVirtualMachines/openjdk-21.0.1/Contents/Home
16-Oct-2024 21:18:43.137 INFO [main] org.apache.catalina.startup.VersionLoggerListener.log Версия JVM:            21.0.1+12-29
16-Oct-2024 21:18:43.138 INFO [main] org.apache.catalina.startup.VersionLoggerListener.log Производитель JVM:     Oracle Corporation
16-Oct-2024 21:18:43.138 INFO [main] org.apache.catalina.startup.VersionLoggerListener.log CATALINA_BASE:         /Users/new/Documents/apache-tomcat-10.1.30
16-Oct-2024 21:18:43.138 INFO [main] org.apache.catalina.startup.VersionLoggerListener.log CATALINA_HOME:         /Users/new/Documents/apache-tomcat-10.1.30
16-Oct-2024 21:18:43.158 INFO [main] org.apache.catalina.startup.VersionLoggerListener.log Command line argument: -Djava.util.logging.config.file=/Users/new/Documents/apache-tomcat-10.1.30/conf/logging.properties
16-Oct-2024 21:18:43.159 INFO [main] org.apache.catalina.startup.VersionLoggerListener.log Command line argument: -Djava.util.logging.manager=org.apache.juli.ClassLoaderLogManager
16-Oct-2024 21:18:43.159 INFO [main] org.apache.catalina.startup.VersionLoggerListener.log Command line argument: -Djdk.tls.ephemeralDHKeySize=2048
16-Oct-2024 21:18:43.160 INFO [main] org.apache.catalina.startup.VersionLoggerListener.log Command line argument: -Djava.protocol.handler.pkgs=org.apache.catalina.webresources
16-Oct-2024 21:18:43.160 INFO [main] org.apache.catalina.startup.VersionLoggerListener.log Command line argument: -Dorg.apache.catalina.security.SecurityListener.UMASK=0027
16-Oct-2024 21:18:43.160 INFO [main] org.apache.catalina.startup.VersionLoggerListener.log Command line argument: --add-opens=java.base/java.lang=ALL-UNNAMED
16-Oct-2024 21:18:43.160 INFO [main] org.apache.catalina.startup.VersionLoggerListener.log Command line argument: --add-opens=java.base/java.io=ALL-UNNAMED
16-Oct-2024 21:18:43.160 INFO [main] org.apache.catalina.startup.VersionLoggerListener.log Command line argument: --add-opens=java.base/java.util=ALL-UNNAMED
16-Oct-2024 21:18:43.160 INFO [main] org.apache.catalina.startup.VersionLoggerListener.log Command line argument: --add-opens=java.base/java.util.concurrent=ALL-UNNAMED
16-Oct-2024 21:18:43.160 INFO [main] org.apache.catalina.startup.VersionLoggerListener.log Command line argument: --add-opens=java.rmi/sun.rmi.transport=ALL-UNNAMED
16-Oct-2024 21:18:43.161 INFO [main] org.apache.catalina.startup.VersionLoggerListener.log Command line argument: -agentlib:jdwp=transport=dt_socket,address=localhost:8000,server=y,suspend=n
16-Oct-2024 21:18:43.161 INFO [main] org.apache.catalina.startup.VersionLoggerListener.log Command line argument: -Dcatalina.base=/Users/new/Documents/apache-tomcat-10.1.30
16-Oct-2024 21:18:43.161 INFO [main] org.apache.catalina.startup.VersionLoggerListener.log Command line argument: -Dcatalina.home=/Users/new/Documents/apache-tomcat-10.1.30
16-Oct-2024 21:18:43.163 INFO [main] org.apache.catalina.startup.VersionLoggerListener.log Command line argument: -Djava.io.tmpdir=/Users/new/Documents/apache-tomcat-10.1.30/temp
16-Oct-2024 21:18:43.173 INFO [main] org.apache.catalina.core.AprLifecycleListener.lifecycleEvent The Apache Tomcat Native library which allows using OpenSSL was not found on the java.library.path: [/Users/new/Library/Java/Extensions:/Library/Java/Extensions:/Network/Library/Java/Extensions:/System/Library/Java/Extensions:/usr/lib/java:.]
16-Oct-2024 21:18:43.775 INFO [main] org.apache.coyote.AbstractProtocol.init Инициализация ProtocolHandler ["http-nio-8080"]
16-Oct-2024 21:18:43.825 INFO [main] org.apache.catalina.startup.Catalina.load Server initialization in [960] milliseconds
16-Oct-2024 21:18:43.893 INFO [main] org.apache.catalina.core.StandardService.startInternal Starting service [Catalina]
16-Oct-2024 21:18:43.893 INFO [main] org.apache.catalina.core.StandardEngine.startInternal Starting Servlet engine: [Apache Tomcat/10.1.30]
16-Oct-2024 21:18:43.905 INFO [main] org.apache.catalina.startup.HostConfig.deployDirectory Установка веб приложения в папку [/Users/new/Documents/apache-tomcat-10.1.30/webapps/docs]
16-Oct-2024 21:18:44.353 INFO [main] org.apache.catalina.startup.HostConfig.deployDirectory Deployment of web application directory [/Users/new/Documents/apache-tomcat-10.1.30/webapps/docs] has finished in [443] ms
16-Oct-2024 21:18:44.353 INFO [main] org.apache.catalina.startup.HostConfig.deployDirectory Установка веб приложения в папку [/Users/new/Documents/apache-tomcat-10.1.30/webapps/manager]
16-Oct-2024 21:18:44.450 INFO [main] org.apache.catalina.startup.HostConfig.deployDirectory Deployment of web application directory [/Users/new/Documents/apache-tomcat-10.1.30/webapps/manager] has finished in [97] ms
16-Oct-2024 21:18:44.450 INFO [main] org.apache.catalina.startup.HostConfig.deployDirectory Установка веб приложения в папку [/Users/new/Documents/apache-tomcat-10.1.30/webapps/examples]
16-Oct-2024 21:18:44.903 INFO [main] org.apache.catalina.startup.HostConfig.deployDirectory Deployment of web application directory [/Users/new/Documents/apache-tomcat-10.1.30/webapps/examples] has finished in [452] ms
16-Oct-2024 21:18:44.903 INFO [main] org.apache.catalina.startup.HostConfig.deployDirectory Установка веб приложения в папку [/Users/new/Documents/apache-tomcat-10.1.30/webapps/ROOT]
16-Oct-2024 21:18:44.940 INFO [main] org.apache.catalina.startup.HostConfig.deployDirectory Deployment of web application directory [/Users/new/Documents/apache-tomcat-10.1.30/webapps/ROOT] has finished in [37] ms
16-Oct-2024 21:18:44.941 INFO [main] org.apache.catalina.startup.HostConfig.deployDirectory Установка веб приложения в папку [/Users/new/Documents/apache-tomcat-10.1.30/webapps/host-manager]
16-Oct-2024 21:18:44.972 INFO [main] org.apache.catalina.startup.HostConfig.deployDirectory Deployment of web application directory [/Users/new/Documents/apache-tomcat-10.1.30/webapps/host-manager] has finished in [32] ms
16-Oct-2024 21:18:44.979 INFO [main] org.apache.coyote.AbstractProtocol.start Starting ProtocolHandler ["http-nio-8080"]
16-Oct-2024 21:18:44.991 INFO [main] org.apache.catalina.startup.Catalina.start Server startup in [1163] milliseconds
16-Oct-2024 21:18:44.996 SEVERE [main] org.apache.catalina.core.StandardServer.await Failed to create server shutdown socket on address [localhost] and port [8005] (base port [8005] and offset [0])
	java.net.BindException: Address already in use
		at java.base/sun.nio.ch.Net.bind0(Native Method)
		at java.base/sun.nio.ch.Net.bind(Net.java:565)
		at java.base/sun.nio.ch.Net.bind(Net.java:554)
		at java.base/sun.nio.ch.NioSocketImpl.bind(NioSocketImpl.java:636)
		at java.base/java.net.ServerSocket.bind(ServerSocket.java:391)
		at java.base/java.net.ServerSocket.<init>(ServerSocket.java:278)
		at org.apache.catalina.core.StandardServer.await(StandardServer.java:533)
		at org.apache.catalina.startup.Catalina.await(Catalina.java:847)
		at org.apache.catalina.startup.Catalina.start(Catalina.java:795)
		at java.base/jdk.internal.reflect.DirectMethodHandleAccessor.invoke(DirectMethodHandleAccessor.java:103)
		at java.base/java.lang.reflect.Method.invoke(Method.java:580)
		at org.apache.catalina.startup.Bootstrap.start(Bootstrap.java:345)
		at org.apache.catalina.startup.Bootstrap.main(Bootstrap.java:473)
16-Oct-2024 21:18:44.997 INFO [main] org.apache.coyote.AbstractProtocol.pause Pausing ProtocolHandler ["http-nio-8080"]
16-Oct-2024 21:18:45.004 INFO [main] org.apache.catalina.core.StandardService.stopInternal Stopping service [Catalina]
16-Oct-2024 21:18:45.037 INFO [main] org.apache.coyote.AbstractProtocol.stop Stopping ProtocolHandler ["http-nio-8080"]
16-Oct-2024 21:18:45.046 INFO [main] org.apache.coyote.AbstractProtocol.destroy Destroying ProtocolHandler ["http-nio-8080"]
