29-Sep-2024 15:05:52.578 INFO [main] org.apache.catalina.startup.VersionLoggerListener.log Имя версии сервера:    Apache Tomcat/10.1.30
29-Sep-2024 15:05:52.592 INFO [main] org.apache.catalina.startup.VersionLoggerListener.log Сервер собран:         Sep 13 2024 20:26:16 UTC
29-Sep-2024 15:05:52.595 INFO [main] org.apache.catalina.startup.VersionLoggerListener.log Номер версии сервера:  10.1.30.0
29-Sep-2024 15:05:52.595 INFO [main] org.apache.catalina.startup.VersionLoggerListener.log OS Name:               Mac OS X
29-Sep-2024 15:05:52.597 INFO [main] org.apache.catalina.startup.VersionLoggerListener.log Версия ОС:             14.3.1
29-Sep-2024 15:05:52.598 INFO [main] org.apache.catalina.startup.VersionLoggerListener.log Архитектура:           x86_64
29-Sep-2024 15:05:52.599 INFO [main] org.apache.catalina.startup.VersionLoggerListener.log Java Home:             /Users/new/Library/Java/JavaVirtualMachines/openjdk-21.0.1/Contents/Home
29-Sep-2024 15:05:52.599 INFO [main] org.apache.catalina.startup.VersionLoggerListener.log Версия JVM:            21.0.1+12-29
29-Sep-2024 15:05:52.599 INFO [main] org.apache.catalina.startup.VersionLoggerListener.log Производитель JVM:     Oracle Corporation
29-Sep-2024 15:05:52.599 INFO [main] org.apache.catalina.startup.VersionLoggerListener.log CATALINA_BASE:         /Users/new/Documents/apache-tomcat-10.1.30
29-Sep-2024 15:05:52.599 INFO [main] org.apache.catalina.startup.VersionLoggerListener.log CATALINA_HOME:         /Users/new/Documents/apache-tomcat-10.1.30
29-Sep-2024 15:05:52.630 INFO [main] org.apache.catalina.startup.VersionLoggerListener.log Command line argument: -Djava.util.logging.config.file=/Users/new/Documents/apache-tomcat-10.1.30/conf/logging.properties
29-Sep-2024 15:05:52.630 INFO [main] org.apache.catalina.startup.VersionLoggerListener.log Command line argument: -Djava.util.logging.manager=org.apache.juli.ClassLoaderLogManager
29-Sep-2024 15:05:52.630 INFO [main] org.apache.catalina.startup.VersionLoggerListener.log Command line argument: -Djdk.tls.ephemeralDHKeySize=2048
29-Sep-2024 15:05:52.631 INFO [main] org.apache.catalina.startup.VersionLoggerListener.log Command line argument: -Djava.protocol.handler.pkgs=org.apache.catalina.webresources
29-Sep-2024 15:05:52.631 INFO [main] org.apache.catalina.startup.VersionLoggerListener.log Command line argument: -Dorg.apache.catalina.security.SecurityListener.UMASK=0027
29-Sep-2024 15:05:52.631 INFO [main] org.apache.catalina.startup.VersionLoggerListener.log Command line argument: --add-opens=java.base/java.lang=ALL-UNNAMED
29-Sep-2024 15:05:52.631 INFO [main] org.apache.catalina.startup.VersionLoggerListener.log Command line argument: --add-opens=java.base/java.io=ALL-UNNAMED
29-Sep-2024 15:05:52.631 INFO [main] org.apache.catalina.startup.VersionLoggerListener.log Command line argument: --add-opens=java.base/java.util=ALL-UNNAMED
29-Sep-2024 15:05:52.631 INFO [main] org.apache.catalina.startup.VersionLoggerListener.log Command line argument: --add-opens=java.base/java.util.concurrent=ALL-UNNAMED
29-Sep-2024 15:05:52.632 INFO [main] org.apache.catalina.startup.VersionLoggerListener.log Command line argument: --add-opens=java.rmi/sun.rmi.transport=ALL-UNNAMED
29-Sep-2024 15:05:52.632 INFO [main] org.apache.catalina.startup.VersionLoggerListener.log Command line argument: -Dcatalina.base=/Users/new/Documents/apache-tomcat-10.1.30
29-Sep-2024 15:05:52.632 INFO [main] org.apache.catalina.startup.VersionLoggerListener.log Command line argument: -Dcatalina.home=/Users/new/Documents/apache-tomcat-10.1.30
29-Sep-2024 15:05:52.632 INFO [main] org.apache.catalina.startup.VersionLoggerListener.log Command line argument: -Djava.io.tmpdir=/Users/new/Documents/apache-tomcat-10.1.30/temp
29-Sep-2024 15:05:52.642 INFO [main] org.apache.catalina.core.AprLifecycleListener.lifecycleEvent The Apache Tomcat Native library which allows using OpenSSL was not found on the java.library.path: [/Users/new/Library/Java/Extensions:/Library/Java/Extensions:/Network/Library/Java/Extensions:/System/Library/Java/Extensions:/usr/lib/java:.]
29-Sep-2024 15:05:53.270 INFO [main] org.apache.coyote.AbstractProtocol.init Инициализация ProtocolHandler ["http-nio-8080"]
29-Sep-2024 15:05:53.330 INFO [main] org.apache.catalina.startup.Catalina.load Server initialization in [1036] milliseconds
29-Sep-2024 15:05:53.403 INFO [main] org.apache.catalina.core.StandardService.startInternal Starting service [Catalina]
29-Sep-2024 15:05:53.403 INFO [main] org.apache.catalina.core.StandardEngine.startInternal Starting Servlet engine: [Apache Tomcat/10.1.30]
29-Sep-2024 15:05:53.414 INFO [main] org.apache.catalina.startup.HostConfig.deployDirectory Установка веб приложения в папку [/Users/new/Documents/apache-tomcat-10.1.30/webapps/docs]
29-Sep-2024 15:05:53.832 INFO [main] org.apache.catalina.startup.HostConfig.deployDirectory Deployment of web application directory [/Users/new/Documents/apache-tomcat-10.1.30/webapps/docs] has finished in [413] ms
29-Sep-2024 15:05:53.833 INFO [main] org.apache.catalina.startup.HostConfig.deployDirectory Установка веб приложения в папку [/Users/new/Documents/apache-tomcat-10.1.30/webapps/manager]
29-Sep-2024 15:05:53.928 INFO [main] org.apache.catalina.startup.HostConfig.deployDirectory Deployment of web application directory [/Users/new/Documents/apache-tomcat-10.1.30/webapps/manager] has finished in [95] ms
29-Sep-2024 15:05:53.929 INFO [main] org.apache.catalina.startup.HostConfig.deployDirectory Установка веб приложения в папку [/Users/new/Documents/apache-tomcat-10.1.30/webapps/examples]
29-Sep-2024 15:05:54.352 INFO [main] org.apache.catalina.startup.HostConfig.deployDirectory Deployment of web application directory [/Users/new/Documents/apache-tomcat-10.1.30/webapps/examples] has finished in [423] ms
29-Sep-2024 15:05:54.353 INFO [main] org.apache.catalina.startup.HostConfig.deployDirectory Установка веб приложения в папку [/Users/new/Documents/apache-tomcat-10.1.30/webapps/ROOT]
29-Sep-2024 15:05:54.386 INFO [main] org.apache.catalina.startup.HostConfig.deployDirectory Deployment of web application directory [/Users/new/Documents/apache-tomcat-10.1.30/webapps/ROOT] has finished in [33] ms
29-Sep-2024 15:05:54.387 INFO [main] org.apache.catalina.startup.HostConfig.deployDirectory Установка веб приложения в папку [/Users/new/Documents/apache-tomcat-10.1.30/webapps/host-manager]
29-Sep-2024 15:05:54.421 INFO [main] org.apache.catalina.startup.HostConfig.deployDirectory Deployment of web application directory [/Users/new/Documents/apache-tomcat-10.1.30/webapps/host-manager] has finished in [34] ms
29-Sep-2024 15:05:54.426 INFO [main] org.apache.coyote.AbstractProtocol.start Starting ProtocolHandler ["http-nio-8080"]
29-Sep-2024 15:05:54.437 INFO [main] org.apache.catalina.startup.Catalina.start Server startup in [1104] milliseconds
